<?xml version="1.0" encoding="UTF-8"?>
<!-- Generated by org.testng.reporters.JUnitXMLReporter -->
<testsuite ignored="0" hostname="LAPTOP-RO4BTAG3" failures="2" tests="4" name="Test DEMOQA" time="26.068" errors="0" timestamp="2023-11-07T19:58:27 IST">
  <testcase classname="com.DemoQA.testcases.TC_01_Elements_TextBOX" name="test_elements_text_box" time="0.488"/>
  <testcase classname="com.DemoQA.testcases.TC_02_Elements_TextBOX_InvalidEmail_Field" name="test_Elements_TextBOX_InvalidEmail_Field" time="0.456"/>
  <testcase classname="com.DemoQA.testcases.TC_03_Elemets_RadioButton" name="test_elemets_YES_radio_button" time="5.404">
    <failure type="java.lang.AssertionError" message="expected [true] but found [false]">
      <![CDATA[java.lang.AssertionError: expected [true] but found [false]
at com.DemoQA.testcases.TC_03_Elemets_RadioButton.test_elemets_YES_radio_button(TC_03_Elemets_RadioButton.java:29)
at java.base/java.util.ArrayList.forEach(ArrayList.java:1511)
... Removed 31 stack frames]]>
    </failure>
  </testcase> <!-- test_elemets_YES_radio_button -->
  <testcase classname="com.DemoQA.testcases.TC_03_Elemets_RadioButton" name="test_elemets_Impressive_radio_button" time="5.324">
    <failure type="java.lang.AssertionError" message="expected [true] but found [false]">
      <![CDATA[java.lang.AssertionError: expected [true] but found [false]
at com.DemoQA.testcases.TC_03_Elemets_RadioButton.test_elemets_Impressive_radio_button(TC_03_Elemets_RadioButton.java:52)
at java.base/java.util.ArrayList.forEach(ArrayList.java:1511)
... Removed 31 stack frames]]>
    </failure>
  </testcase> <!-- test_elemets_Impressive_radio_button -->
</testsuite> <!-- Test DEMOQA -->
