<?xml version="1.0" encoding="UTF-8"?>
<!-- Generated by org.testng.reporters.JUnitXMLReporter -->
<testsuite ignored="0" hostname="LAPTOP-RO4BTAG3" failures="0" tests="2" name="Test DEMOQA" time="11.099" errors="0" timestamp="2023-11-07T18:30:15 IST">
  <testcase classname="com.DemoQA.testcases.TC_01_Elements_TextBOX" name="test_elements_text_box" time="0.461"/>
  <testcase classname="com.DemoQA.testcases.TC_02_Elements_TextBOX_InvalidEmail_Field" name="test_Elements_TextBOX_InvalidEmail_Field" time="0.433"/>
</testsuite> <!-- Test DEMOQA -->
